This file contains any messages produced by compilers while
running configure, to aid debugging if configure makes a mistake.

It was created by preview-latex configure 11.84, which was
generated by GNU Autoconf 2.65.  Invocation command line was

  $ ./configure --disable-option-checking --prefix=/usr/local --cache-file=/dev/null --srcdir=.

## --------- ##
## Platform. ##
## --------- ##

hostname = takeknock.local
uname -m = x86_64
uname -r = 11.4.0
uname -s = Darwin
uname -v = Darwin Kernel Version 11.4.0: Mon Apr  9 19:32:15 PDT 2012; root:xnu-1699.26.8~1/RELEASE_X86_64

/usr/bin/uname -p = i386
/bin/uname -X     = unknown

/bin/arch              = unknown
/usr/bin/arch -k       = unknown
/usr/convex/getsysinfo = unknown
/usr/bin/hostinfo      = Mach kernel version:
	 Darwin Kernel Version 11.4.0: Mon Apr  9 19:32:15 PDT 2012; root:xnu-1699.26.8~1/RELEASE_X86_64
Kernel configured for up to 4 processors.
2 processors are physically available.
4 processors are logically available.
Processor type: i486 (Intel 80486)
Processors active: 0 1 2 3
Primary memory available: 4.00 gigabytes
Default processor set: 145 tasks, 664 threads, 4 processors
Load average: 3.10, Mach factor: 1.55
/bin/machine           = unknown
/usr/bin/oslevel       = unknown
/bin/universe          = unknown

PATH: /Library/Frameworks/Python.framework/Versions/2.6/bin
PATH: /Library/Frameworks/Python.framework/Versions/Current/bin
PATH: /opt/local/bin
PATH: /opt/local/sbin/
PATH: /usr/bin
PATH: /bin
PATH: /usr/sbin
PATH: /sbin
PATH: /usr/local/bin
PATH: /usr/X11/bin


## ----------- ##
## Core tests. ##
## ----------- ##

configure:1716: checking whether make sets $(MAKE)
configure:1738: result: yes
configure:1784: checking for a BSD-compatible install
configure:1852: result: /usr/bin/install -c
configure:1915: checking for /opt/local/bin/emacs
configure:1945: result: /opt/local/bin/emacs
configure:1961: checking if /opt/local/bin/emacs is XEmacs
/opt/local/bin/emacs -batch -no-site-file -eval (let* ((x (if (featurep (quote xemacs)) "yes" "no"))) (write-region (if (stringp x) x (prin1-to-string x)) nil "./conftest-24018"))
Wrote /Users/Takehiro/.emacs.d/elisp/auctex-11.86/preview/conftest-24018
=> no
configure:1981: result: no
configure:1985: checking for Emacs prefix
/opt/local/bin/emacs -batch -no-site-file -eval (let* ((cmd(pop command-line-args-left))(x (condition-case nil (let*
    ((prefix (directory-file-name (file-name-directory (executable-find cmd))))
     (parent (directory-file-name (file-name-directory prefix))))
    (if (string= (file-name-nondirectory prefix) "bin")
        (setq prefix parent)
      (if (string= (file-name-nondirectory parent) "bin")
         (setq prefix (directory-file-name (file-name-directory parent)))))
    prefix) (error NONE)))) (write-region (if (stringp x) x (prin1-to-string x)) nil "./conftest-24018")) /opt/local/bin/emacs
Wrote /Users/Takehiro/.emacs.d/elisp/auctex-11.86/preview/conftest-24018
=> /opt/local
configure:2004: result: "/opt/local"
configure:2034: checking if Emacs is recent enough
/opt/local/bin/emacs -batch -no-site-file -eval (let* ((x (cond ((< emacs-major-version 21) "no")
			 ((> emacs-major-version 21) "yes")
			 ((< emacs-minor-version 01) "no")
			 (t "yes")))) (write-region (if (stringp x) x (prin1-to-string x)) nil "./conftest-24018"))
Wrote /Users/Takehiro/.emacs.d/elisp/auctex-11.86/preview/conftest-24018
=> yes
configure:2048: result: yes
configure:2086: checking if build directory is valid
/opt/local/bin/emacs -batch -eval (let* ((x (if (or (member (directory-file-name default-directory) load-path)	      (member (file-name-as-directory default-directory) load-path))	 "no" "yes"))) (write-region (if (stringp x) x (prin1-to-string x)) nil "./conftest-24018"))
Wrote /Users/Takehiro/.emacs.d/elisp/auctex-11.86/preview/conftest-24018
=> yes
configure:2102: result: yes
configure:2192: checking where lisp files go
/opt/local/bin/emacs -batch -eval (let* ((prefix(pop command-line-args-left)) (expanded(pop command-line-args-left)) (x (catch 22
       (let (reldir (dirs load-path))
	  (dolist (name (list "emacs/site-lisp" "emacs/site-packages"
	         "site-lisp" "site-packages") "NONE")
	    (dolist (dir dirs)
	      (when (and dir
	      	         (setq dir (directory-file-name dir))
                         (file-name-absolute-p dir)
	      	         (file-directory-p dir)
	                 (not (string-match "\`\.\."
                           (setq reldir (file-relative-name dir expanded))))
			 (not (file-name-absolute-p reldir))
                         (let ((name name) (dir dir))
		           (while (and dir name
		                       (string= (file-name-nondirectory dir)
		                                (file-name-nondirectory name))
                              (setq dir (file-name-directory dir)
				   name (file-name-directory name))
			      (if (and dir name)
			         (setq dir (directory-file-name dir)
			              name (directory-file-name name)))))
		            (null name))
		   (throw 22
                      (if (string= reldir ".") (directory-file-name prefix)
                        (concat (file-name-as-directory prefix)
                                reldir))))))))))) (write-region (if (stringp x) x (prin1-to-string x)) nil "./conftest-24018")) ${datadir}/emacs /usr/local/share/emacs
Wrote /Users/Takehiro/.emacs.d/elisp/auctex-11.86/preview/conftest-24018
=> NONE
/opt/local/bin/emacs -batch -eval (let* ((prefix(pop command-line-args-left)) (expanded(pop command-line-args-left)) (x (catch 22
       (let (reldir (dirs load-path))
	  (dolist (name (list "emacs/site-lisp" "emacs/site-packages"
	         "site-lisp" "site-packages") "NONE")
	    (dolist (dir dirs)
	      (when (and dir
	      	         (setq dir (directory-file-name dir))
                         (file-name-absolute-p dir)
	      	         (file-directory-p dir)
	                 (not (string-match "\`\.\."
                           (setq reldir (file-relative-name dir expanded))))
			 (not (file-name-absolute-p reldir))
                         (let ((name name) (dir dir))
		           (while (and dir name
		                       (string= (file-name-nondirectory dir)
		                                (file-name-nondirectory name))
                              (setq dir (file-name-directory dir)
				   name (file-name-directory name))
			      (if (and dir name)
			         (setq dir (directory-file-name dir)
			              name (directory-file-name name)))))
		            (null name))
		   (throw 22
                      (if (string= reldir ".") (directory-file-name prefix)
                        (concat (file-name-as-directory prefix)
                                reldir))))))))))) (write-region (if (stringp x) x (prin1-to-string x)) nil "./conftest-24018")) ${libdir}/emacs /usr/local/lib/emacs
Wrote /Users/Takehiro/.emacs.d/elisp/auctex-11.86/preview/conftest-24018
=> NONE
/opt/local/bin/emacs -batch -eval (let* ((prefix(pop command-line-args-left)) (expanded(pop command-line-args-left)) (x (catch 22
       (let (reldir (dirs load-path))
	  (dolist (name (list "emacs/site-lisp" "emacs/site-packages"
	         "site-lisp" "site-packages") "NONE")
	    (dolist (dir dirs)
	      (when (and dir
	      	         (setq dir (directory-file-name dir))
                         (file-name-absolute-p dir)
	      	         (file-directory-p dir)
	                 (not (string-match "\`\.\."
                           (setq reldir (file-relative-name dir expanded))))
			 (not (file-name-absolute-p reldir))
                         (let ((name name) (dir dir))
		           (while (and dir name
		                       (string= (file-name-nondirectory dir)
		                                (file-name-nondirectory name))
                              (setq dir (file-name-directory dir)
				   name (file-name-directory name))
			      (if (and dir name)
			         (setq dir (directory-file-name dir)
			              name (directory-file-name name)))))
		            (null name))
		   (throw 22
                      (if (string= reldir ".") (directory-file-name prefix)
                        (concat (file-name-as-directory prefix)
                                reldir))))))))))) (write-region (if (stringp x) x (prin1-to-string x)) nil "./conftest-24018")) /opt/local/share/emacs /opt/local/share/emacs
Wrote /Users/Takehiro/.emacs.d/elisp/auctex-11.86/preview/conftest-24018
=> /opt/local/share/emacs/site-lisp
configure:2264: result: /opt/local/share/emacs/site-lisp
configure:2268: checking what file to use for preview startup
configure:2295: result: /opt/local/share/emacs/site-lisp/preview-latex.el
configure:2309: checking where the package lisp files go
/opt/local/bin/emacs -batch -no-site-file -eval (let* ((path(pop command-line-args-left)) (lispdir(pop command-line-args-left)) (startup(pop command-line-args-left)) (target(pop command-line-args-left))(x (progn (setq path (directory-file-name path))
  (if (or target
          (not (string= (car load-path) (directory-file-name (car load-path)))))
    (setq path (file-name-as-directory path)))
  (setq path (expand-file-name path lispdir))
  (setq startupdir (file-name-directory (expand-file-name startup lispdir)))
  (prin1-to-string
    (if (or (string-match "\`\.\."
              (setq relname (file-relative-name startupdir lispdir)))
            (file-name-absolute-p relname)
	    (string-match "\`\.\."
              (setq relname (file-relative-name path lispdir)))
 	    (file-name-absolute-p relname))
	  (concat path target)
	(cond (target
	       `(expand-file-name
                   ,(file-relative-name (concat path target) startupdir)
	           (file-name-directory load-file-name)))
              ((string= path startupdir)
	         '(file-name-directory load-file-name))
	      ((string= path (directory-file-name startupdir))
                 '(directory-file-name (file-name-directory load-file-name)))
              (t
	       `(expand-file-name
                   ,(file-relative-name path startupdir)
	           (file-name-directory load-file-name))))))))) (write-region (if (stringp x) x (prin1-to-string x)) nil "./conftest-24018")) /opt/local/share/emacs/site-lisp/auctex /opt/local/share/emacs/site-lisp /opt/local/share/emacs/site-lisp/preview-latex.el
Wrote /Users/Takehiro/.emacs.d/elisp/auctex-11.86/preview/conftest-24018
=> (expand-file-name "auctex" (file-name-directory load-file-name))
configure:2390: result: /opt/local/share/emacs/site-lisp/auctex
configure:2393: checking where the data files go
/opt/local/bin/emacs -batch -no-site-file -eval (let* ((path(pop command-line-args-left)) (lispdir(pop command-line-args-left)) (startup(pop command-line-args-left)) (target(pop command-line-args-left))(x (progn (setq path (directory-file-name path))
  (if (or target
          (not (string= (car load-path) (directory-file-name (car load-path)))))
    (setq path (file-name-as-directory path)))
  (setq path (expand-file-name path lispdir))
  (setq startupdir (file-name-directory (expand-file-name startup lispdir)))
  (prin1-to-string
    (if (or (string-match "\`\.\."
              (setq relname (file-relative-name startupdir lispdir)))
            (file-name-absolute-p relname)
	    (string-match "\`\.\."
              (setq relname (file-relative-name path lispdir)))
 	    (file-name-absolute-p relname))
	  (concat path target)
	(cond (target
	       `(expand-file-name
                   ,(file-relative-name (concat path target) startupdir)
	           (file-name-directory load-file-name)))
              ((string= path startupdir)
	         '(file-name-directory load-file-name))
	      ((string= path (directory-file-name startupdir))
                 '(directory-file-name (file-name-directory load-file-name)))
              (t
	       `(expand-file-name
                   ,(file-relative-name path startupdir)
	           (file-name-directory load-file-name))))))))) (write-region (if (stringp x) x (prin1-to-string x)) nil "./conftest-24018")) /opt/local/share/emacs/site-lisp/auctex /opt/local/share/emacs/site-lisp /opt/local/share/emacs/site-lisp/preview-latex.el
Wrote /Users/Takehiro/.emacs.d/elisp/auctex-11.86/preview/conftest-24018
=> (expand-file-name "auctex" (file-name-directory load-file-name))
configure:2474: result: /opt/local/share/emacs/site-lisp/auctex
configure:2481: checking for the location of AUCTeX's tex-site.el
configure:2530: result: ..
configure:2541: checking for gs
configure:2557: found /opt/local/bin/gs
configure:2568: result: gs
/opt/local/bin/emacs -batch -no-site-file -eval (let* ((dir(pop command-line-args-left))(x (if (member dir (list "NONE" (if (eq system-type 'windows-nt) "GSWIN32C.EXE" "gs"))) "" `(defvar preview-gs-command ,dir)))) (write-region (if (stringp x) x (prin1-to-string x)) nil "./conftest-24018")) gs
Wrote /Users/Takehiro/.emacs.d/elisp/auctex-11.86/preview/conftest-24018
=> 
configure:2596: checking for latex
configure:2614: found /opt/local/bin/latex
configure:2627: result: /opt/local/bin/latex
configure:2643: checking for pdflatex
configure:2661: found /opt/local/bin/pdflatex
configure:2673: result: /opt/local/bin/pdflatex
configure:2692: checking for tex
configure:2723: result: /opt/local/bin/tex
configure:2827: checking for prefix from kpsepath
/opt/local/bin/emacs -batch -no-site-file -eval (let* ((cmd(pop command-line-args-left))(x (condition-case nil (let*
    ((prefix (directory-file-name (file-name-directory (executable-find cmd))))
     (parent (directory-file-name (file-name-directory prefix))))
    (if (string= (file-name-nondirectory prefix) "bin")
        (setq prefix parent)
      (if (string= (file-name-nondirectory parent) "bin")
         (setq prefix (directory-file-name (file-name-directory parent)))))
    prefix) (error NONE)))) (write-region (if (stringp x) x (prin1-to-string x)) nil "./conftest-24018")) kpsepath
Wrote /Users/Takehiro/.emacs.d/elisp/auctex-11.86/preview/conftest-24018
=> /opt/local
configure:2851: result: "/opt/local"
configure:2854: checking for TDS-compliant directory
/opt/local/bin/emacs -batch -no-site-file -eval (let* ((prefix(pop command-line-args-left)) (expanded(pop command-line-args-left)) (pathoutput(pop command-line-args-left))(x (catch 22
       (let (reldir (dirs (mapcar (lambda(x)
              (and (string-match "\`!*\(.*\)/tex/latex//+\'" x)
	           (match-string 1 x)))
      (append (split-string pathoutput ";")
             (split-string pathoutput ":")))))
	  (dolist (name (list nil) "NONE")
	    (dolist (dir dirs)
	      (when (and dir
	      	         (setq dir (directory-file-name dir))
                         (file-name-absolute-p dir)
	      	         (file-directory-p dir)
	                 (not (string-match "\`\.\."
                           (setq reldir (file-relative-name dir expanded))))
			 (not (file-name-absolute-p reldir))
                         (let ((name name) (dir dir))
		           (while (and dir name
		                       (string= (file-name-nondirectory dir)
		                                (file-name-nondirectory name))
                              (setq dir (file-name-directory dir)
				   name (file-name-directory name))
			      (if (and dir name)
			         (setq dir (directory-file-name dir)
			              name (directory-file-name name)))))
		            (null name))
		   (throw 22
                      (if (string= reldir ".") (directory-file-name prefix)
                        (concat (file-name-as-directory prefix)
                                reldir))))))))))) (write-region (if (stringp x) x (prin1-to-string x)) nil "./conftest-24018")) ${datadir}/texmf /usr/local/share/texmf .:/Users/Takehiro/.texmf-config/tex/latex//:/Users/Takehiro/.texmf-var/tex/latex//:/Users/Takehiro/texmf/tex/latex//:/opt/local/share/texmf-config/tex/latex//:/opt/local/share/texmf-var/tex/latex//:/opt/local/share/texmf-local/tex/latex//:/opt/local/share/texmf/tex/latex//:!!/opt/local/share/texmf-dist/tex/latex//:/Users/Takehiro/.texmf-config/tex/generic//:/Users/Takehiro/.texmf-var/tex/generic//:/Users/Takehiro/texmf/tex/generic//:/opt/local/share/texmf-config/tex/generic//:/opt/local/share/texmf-var/tex/generic//:/opt/local/share/texmf-local/tex/generic//:/opt/local/share/texmf/tex/generic//:!!/opt/local/share/texmf-dist/tex/generic//:/Users/Takehiro/.texmf-config/tex///:/Users/Takehiro/.texmf-var/tex///:/Users/Takehiro/texmf/tex///:/opt/local/share/texmf-config/tex///:/opt/local/share/texmf-var/tex///:/opt/local/share/texmf-local/tex///:/opt/local/share/texmf/tex///:!!/opt/local/share/texmf-dist/tex///
Wrote /Users/Takehiro/.emacs.d/elisp/auctex-11.86/preview/conftest-24018
=> NONE
/opt/local/bin/emacs -batch -no-site-file -eval (let* ((prefix(pop command-line-args-left)) (expanded(pop command-line-args-left)) (pathoutput(pop command-line-args-left))(x (catch 22
       (let (reldir (dirs (mapcar (lambda(x)
              (and (string-match "\`!*\(.*\)/tex/latex//+\'" x)
	           (match-string 1 x)))
      (append (split-string pathoutput ";")
             (split-string pathoutput ":")))))
	  (dolist (name (list nil) "NONE")
	    (dolist (dir dirs)
	      (when (and dir
	      	         (setq dir (directory-file-name dir))
                         (file-name-absolute-p dir)
	      	         (file-directory-p dir)
	                 (not (string-match "\`\.\."
                           (setq reldir (file-relative-name dir expanded))))
			 (not (file-name-absolute-p reldir))
                         (let ((name name) (dir dir))
		           (while (and dir name
		                       (string= (file-name-nondirectory dir)
		                                (file-name-nondirectory name))
                              (setq dir (file-name-directory dir)
				   name (file-name-directory name))
			      (if (and dir name)
			         (setq dir (directory-file-name dir)
			              name (directory-file-name name)))))
		            (null name))
		   (throw 22
                      (if (string= reldir ".") (directory-file-name prefix)
                        (concat (file-name-as-directory prefix)
                                reldir))))))))))) (write-region (if (stringp x) x (prin1-to-string x)) nil "./conftest-24018")) /opt/local/share/texmf-local /opt/local/share/texmf-local .:/Users/Takehiro/.texmf-config/tex/latex//:/Users/Takehiro/.texmf-var/tex/latex//:/Users/Takehiro/texmf/tex/latex//:/opt/local/share/texmf-config/tex/latex//:/opt/local/share/texmf-var/tex/latex//:/opt/local/share/texmf-local/tex/latex//:/opt/local/share/texmf/tex/latex//:!!/opt/local/share/texmf-dist/tex/latex//:/Users/Takehiro/.texmf-config/tex/generic//:/Users/Takehiro/.texmf-var/tex/generic//:/Users/Takehiro/texmf/tex/generic//:/opt/local/share/texmf-config/tex/generic//:/opt/local/share/texmf-var/tex/generic//:/opt/local/share/texmf-local/tex/generic//:/opt/local/share/texmf/tex/generic//:!!/opt/local/share/texmf-dist/tex/generic//:/Users/Takehiro/.texmf-config/tex///:/Users/Takehiro/.texmf-var/tex///:/Users/Takehiro/texmf/tex///:/opt/local/share/texmf-config/tex///:/opt/local/share/texmf-var/tex///:/opt/local/share/texmf-local/tex///:/opt/local/share/texmf/tex///:!!/opt/local/share/texmf-dist/tex///
Wrote /Users/Takehiro/.emacs.d/elisp/auctex-11.86/preview/conftest-24018
=> /opt/local/share/texmf-local
configure:3058: result: /opt/local/share/texmf-local
configure:3161: checking for texhash
configure:3179: found /opt/local/bin/texhash
configure:3191: result: /opt/local/bin/texhash
configure:3201: checking for initexmf
configure:3228: result: /opt/local/bin/texhash
configure:3287: checking for glaring installation conflicts
/opt/local/bin/emacs -batch -eval (let* ((packagelispdir(pop command-line-args-left)) (previewstartfile(pop command-line-args-left))(x 
  (concat
    (and (setq tmp (locate-library "preview.elc"))
         (not (string= (file-truename tmp)
	               (file-truename (expand-file-name "preview.elc"
                                      packagelispdir))))
         (format "Conflicting previous installation in `%s' found!
"
                 (file-name-directory tmp)))
    (and (setq tmp (locate-library "preview-latex.el"))
         (not (string= (file-truename tmp)
                       (file-truename previewstartfile)))
         (format "Conflicting previous startup file `%s' found!
" tmp))))) (write-region (if (stringp x) x (prin1-to-string x)) nil "./conftest-24018")) /opt/local/share/emacs/site-lisp/auctex /opt/local/share/emacs/site-lisp/preview-latex.el
Wrote /Users/Takehiro/.emacs.d/elisp/auctex-11.86/preview/conftest-24018
=> 
configure:3349: result: probably none
configure:3571: creating ./config.status

## ---------------------- ##
## Running config.status. ##
## ---------------------- ##

This file was extended by preview-latex config.status 11.84, which was
generated by GNU Autoconf 2.65.  Invocation command line was

  CONFIG_FILES    = 
  CONFIG_HEADERS  = 
  CONFIG_LINKS    = 
  CONFIG_COMMANDS = 
  $ ./config.status 

on takeknock.local

config.status:746: creating Makefile
config.status:746: creating auto.el
config.status:746: creating latex/Makefile

## ---------------- ##
## Cache variables. ##
## ---------------- ##

ac_cv_env_GS_set=
ac_cv_env_GS_value=
ac_cv_env_TEXHASH_set=
ac_cv_env_TEXHASH_value=
ac_cv_env_build_alias_set=
ac_cv_env_build_alias_value=
ac_cv_env_host_alias_set=
ac_cv_env_host_alias_value=
ac_cv_env_target_alias_set=
ac_cv_env_target_alias_value=
ac_cv_path_EMACS=/opt/local/bin/emacs
ac_cv_path_LATEX=/opt/local/bin/latex
ac_cv_path_PDFLATEX=/opt/local/bin/pdflatex
ac_cv_path_TEX=/opt/local/bin/tex
ac_cv_path_TEXHASH=/opt/local/bin/texhash
ac_cv_path_install='/usr/bin/install -c'
ac_cv_prog_GS=gs
ac_cv_prog_TEXHASH=/opt/local/bin/texhash
ac_cv_prog_make_make_set=yes

## ----------------- ##
## Output variables. ##
## ----------------- ##

DEFS='-DPACKAGE_NAME=\"preview-latex\" -DPACKAGE_TARNAME=\"preview-latex\" -DPACKAGE_VERSION=\"11.84\" -DPACKAGE_STRING=\"preview-latex\ 11.84\" -DPACKAGE_BUGREPORT=\"bug-auctex@gnu.org\" -DPACKAGE_URL=\"\"'
ECHO_C='\c'
ECHO_N=''
ECHO_T=''
EMACS='/opt/local/bin/emacs'
EMACS_FLAVOR='emacs'
GS='gs'
INSTALL_DATA='${INSTALL} -m 644'
INSTALL_PROGRAM='${INSTALL}'
INSTALL_SCRIPT='${INSTALL}'
LATEX='/opt/local/bin/latex'
LIBOBJS=''
LIBS=''
LTLIBOBJS=''
PACKAGE_BUGREPORT='bug-auctex@gnu.org'
PACKAGE_NAME='preview-latex'
PACKAGE_STRING='preview-latex 11.84'
PACKAGE_TARNAME='preview-latex'
PACKAGE_URL=''
PACKAGE_VERSION='11.84'
PATH_SEPARATOR=':'
PDFLATEX='/opt/local/bin/pdflatex'
PLAT_LISP='prv-emacs.el'
SET_MAKE=''
SHELL='/bin/sh'
TEX='/opt/local/bin/tex'
TEXHASH='/opt/local/bin/texhash'
TEXMFGEN='preview.sty prauctex.def prauctex.cfg prshowbox.def prshowlabels.def prtracingall.def prtightpage.def prlyx.def prcounters.def prfootnotes.def'
XEMACS='no'
auctexdir='..'
bindir='${exec_prefix}/bin'
build_alias=''
datadir='${datarootdir}'
datarootdir='${prefix}/share'
docdir='${datarootdir}/doc/${PACKAGE_TARNAME}'
dvidir='${docdir}'
exec_prefix='${prefix}'
host_alias=''
htmldir='${docdir}'
includedir='${prefix}/include'
infodir='${datarootdir}/info'
libdir='${exec_prefix}/lib'
libexecdir='${exec_prefix}/libexec'
lispGS=''
lispdir='/opt/local/share/emacs/site-lisp'
lisppackagedatadir='(expand-file-name "auctex" (file-name-directory load-file-name))'
lisppackagelispdir='(expand-file-name "auctex" (file-name-directory load-file-name))'
lisppackagetexstyles=''
localedir='${datarootdir}/locale'
localstatedir='${prefix}/var'
mandir='${datarootdir}/man'
oldincludedir='/usr/include'
packagedatadir='/opt/local/share/emacs/site-lisp/auctex'
packagedir='no'
packagelispdir='/opt/local/share/emacs/site-lisp/auctex'
packagetexstyles=''
pdfdir='${docdir}'
prefix='/usr/local'
previewdocdir='/opt/local/share/texmf-local/doc/latex/styles'
previewstartfile='/opt/local/share/emacs/site-lisp/preview-latex.el'
previewtexmfdir='/opt/local/share/texmf-local/tex/latex/preview'
program_transform_name='s,x,x,'
psdir='${docdir}'
sbindir='${exec_prefix}/sbin'
sharedstatedir='${prefix}/com'
sysconfdir='${prefix}/etc'
target_alias=''
texmfdir='/opt/local/share/texmf-local'

## ----------- ##
## confdefs.h. ##
## ----------- ##

/* confdefs.h */
#define PACKAGE_NAME "preview-latex"
#define PACKAGE_TARNAME "preview-latex"
#define PACKAGE_VERSION "11.84"
#define PACKAGE_STRING "preview-latex 11.84"
#define PACKAGE_BUGREPORT "bug-auctex@gnu.org"
#define PACKAGE_URL ""

configure: exit 0
